0 verbose cli D:\Nodejs\node.exe D:\Nodejs\node_modules\npm\bin\npm-cli.js
1 info using npm@10.9.3
2 info using node@v22.18.0
3 silly config load:file:D:\Nodejs\node_modules\npm\npmrc
4 silly config load:file:E:\Interpretive_Friction-main\.npmrc
5 silly config load:file:C:\Users\Lenovo\.npmrc
6 silly config load:file:D:\Nodejs\node_global\etc\npmrc
7 verbose title npm install
8 verbose argv "install" "--cache" ".npm-cache"
9 verbose logfile logs-max:10 dir:E:\Interpretive_Friction-main\.npm-cache\_logs\2026-04-15T06_55_45_746Z-
10 verbose logfile E:\Interpretive_Friction-main\.npm-cache\_logs\2026-04-15T06_55_45_746Z-debug-0.log
11 silly logfile done cleaning log files
12 silly packumentCache heap:4345298944 maxSize:1086324736 maxEntrySize:543162368
13 silly idealTree buildDeps
14 silly fetch manifest better-sqlite3@^11.9.1
15 silly packumentCache full:https://registry.npmjs.org/better-sqlite3 cache-miss
16 verbose shrinkwrap failed to load node_modules/.package-lock.json out of date, updated: node_modules
17 http fetch GET 200 https://registry.npmjs.org/better-sqlite3 374ms (cache miss)
18 silly packumentCache full:https://registry.npmjs.org/better-sqlite3 set size:undefined disposed:false
19 silly placeDep ROOT better-sqlite3@11.10.0 OK for: interpretive-friction@0.0.1 want: ^11.9.1
20 silly fetch manifest bindings@^1.5.0
21 silly packumentCache full:https://registry.npmjs.org/bindings cache-miss
22 silly fetch manifest prebuild-install@^7.1.1
23 silly packumentCache full:https://registry.npmjs.org/prebuild-install cache-miss
24 http fetch GET 200 https://registry.npmjs.org/bindings 100ms (cache miss)
25 silly packumentCache full:https://registry.npmjs.org/bindings set size:undefined disposed:false
26 http fetch GET 200 https://registry.npmjs.org/prebuild-install 316ms (cache miss)
27 silly packumentCache full:https://registry.npmjs.org/prebuild-install set size:undefined disposed:false
28 silly placeDep ROOT bindings@1.5.0 OK for: better-sqlite3@11.10.0 want: ^1.5.0
29 silly placeDep ROOT prebuild-install@7.1.3 OK for: better-sqlite3@11.10.0 want: ^7.1.1
30 silly fetch manifest file-uri-to-path@1.0.0
31 silly packumentCache full:https://registry.npmjs.org/file-uri-to-path cache-miss
32 silly fetch manifest rc@^1.2.7
33 silly packumentCache full:https://registry.npmjs.org/rc cache-miss
34 silly fetch manifest pump@^3.0.0
35 silly packumentCache full:https://registry.npmjs.org/pump cache-miss
36 silly fetch manifest tar-fs@^2.0.0
37 silly packumentCache full:https://registry.npmjs.org/tar-fs cache-miss
38 silly fetch manifest minimist@^1.2.3
39 silly packumentCache full:https://registry.npmjs.org/minimist cache-miss
40 silly fetch manifest node-abi@^3.3.0
41 silly packumentCache full:https://registry.npmjs.org/node-abi cache-miss
42 silly fetch manifest simple-get@^4.0.0
43 silly packumentCache full:https://registry.npmjs.org/simple-get cache-miss
44 silly fetch manifest detect-libc@^2.0.0
45 silly packumentCache full:https://registry.npmjs.org/detect-libc cache-miss
46 silly fetch manifest tunnel-agent@^0.6.0
47 silly packumentCache full:https://registry.npmjs.org/tunnel-agent cache-miss
48 silly fetch manifest mkdirp-classic@^0.5.3
49 silly packumentCache full:https://registry.npmjs.org/mkdirp-classic cache-miss
50 silly fetch manifest expand-template@^2.0.3
51 silly packumentCache full:https://registry.npmjs.org/expand-template cache-miss
52 silly fetch manifest napi-build-utils@^2.0.0
53 silly packumentCache full:https://registry.npmjs.org/napi-build-utils cache-miss
54 silly fetch manifest github-from-package@0.0.0
55 silly packumentCache full:https://registry.npmjs.org/github-from-package cache-miss
56 http fetch GET 200 https://registry.npmjs.org/file-uri-to-path 96ms (cache miss)
57 silly packumentCache full:https://registry.npmjs.org/file-uri-to-path set size:undefined disposed:false
58 http fetch GET 200 https://registry.npmjs.org/npm 851ms
59 http fetch GET 200 https://registry.npmjs.org/rc 114ms (cache miss)
60 silly packumentCache full:https://registry.npmjs.org/rc set size:undefined disposed:false
61 http fetch GET 200 https://registry.npmjs.org/mkdirp-classic 301ms (cache miss)
62 silly packumentCache full:https://registry.npmjs.org/mkdirp-classic set size:undefined disposed:false
63 http fetch GET 200 https://registry.npmjs.org/detect-libc 302ms (cache miss)
64 silly packumentCache full:https://registry.npmjs.org/detect-libc set size:undefined disposed:false
65 http fetch GET 200 https://registry.npmjs.org/tunnel-agent 307ms (cache miss)
66 silly packumentCache full:https://registry.npmjs.org/tunnel-agent set size:undefined disposed:false
67 http fetch GET 200 https://registry.npmjs.org/simple-get 314ms (cache miss)
68 silly packumentCache full:https://registry.npmjs.org/simple-get set size:undefined disposed:false
69 http fetch GET 200 https://registry.npmjs.org/napi-build-utils 317ms (cache miss)
70 silly packumentCache full:https://registry.npmjs.org/napi-build-utils set size:undefined disposed:false
71 http fetch GET 200 https://registry.npmjs.org/tar-fs 329ms (cache miss)
72 silly packumentCache full:https://registry.npmjs.org/tar-fs set size:undefined disposed:false
73 http fetch GET 200 https://registry.npmjs.org/pump 331ms (cache miss)
74 silly packumentCache full:https://registry.npmjs.org/pump set size:undefined disposed:false
75 http fetch GET 200 https://registry.npmjs.org/github-from-package 331ms (cache miss)
76 silly packumentCache full:https://registry.npmjs.org/github-from-package set size:undefined disposed:false
77 http fetch GET 200 https://registry.npmjs.org/minimist 333ms (cache miss)
78 silly packumentCache full:https://registry.npmjs.org/minimist set size:undefined disposed:false
79 http fetch GET 200 https://registry.npmjs.org/expand-template 339ms (cache miss)
80 silly packumentCache full:https://registry.npmjs.org/expand-template set size:undefined disposed:false
81 http fetch GET 200 https://registry.npmjs.org/node-abi 360ms (cache miss)
82 silly packumentCache full:https://registry.npmjs.org/node-abi set size:undefined disposed:false
83 silly placeDep ROOT file-uri-to-path@1.0.0 OK for: bindings@1.5.0 want: 1.0.0
84 silly placeDep ROOT detect-libc@2.1.2 OK for: prebuild-install@7.1.3 want: ^2.0.0
85 silly placeDep ROOT expand-template@2.0.3 OK for: prebuild-install@7.1.3 want: ^2.0.3
86 silly placeDep ROOT github-from-package@0.0.0 OK for: prebuild-install@7.1.3 want: 0.0.0
87 silly placeDep ROOT minimist@1.2.8 OK for: prebuild-install@7.1.3 want: ^1.2.3
88 silly placeDep ROOT mkdirp-classic@0.5.3 OK for: prebuild-install@7.1.3 want: ^0.5.3
89 silly placeDep ROOT napi-build-utils@2.0.0 OK for: prebuild-install@7.1.3 want: ^2.0.0
90 silly placeDep ROOT node-abi@3.89.0 OK for: prebuild-install@7.1.3 want: ^3.3.0
91 silly placeDep ROOT pump@3.0.4 OK for: prebuild-install@7.1.3 want: ^3.0.0
92 silly placeDep ROOT rc@1.2.8 OK for: prebuild-install@7.1.3 want: ^1.2.7
93 silly placeDep ROOT simple-get@4.0.1 OK for: prebuild-install@7.1.3 want: ^4.0.0
94 silly placeDep ROOT tar-fs@2.1.4 OK for: prebuild-install@7.1.3 want: ^2.0.0
95 silly placeDep ROOT tunnel-agent@0.6.0 OK for: prebuild-install@7.1.3 want: ^0.6.0
96 silly fetch manifest semver@^7.3.5
97 silly packumentCache full:https://registry.npmjs.org/semver cache-miss
98 silly fetch manifest end-of-stream@^1.1.0
99 silly packumentCache full:https://registry.npmjs.org/end-of-stream cache-miss
100 silly fetch manifest once@^1.3.1
101 silly packumentCache full:https://registry.npmjs.org/once cache-miss
102 silly fetch manifest ini@~1.3.0
103 silly packumentCache full:https://registry.npmjs.org/ini cache-miss
104 silly fetch manifest deep-extend@^0.6.0
105 silly packumentCache full:https://registry.npmjs.org/deep-extend cache-miss
106 silly fetch manifest strip-json-comments@~2.0.1
107 silly packumentCache full:https://registry.npmjs.org/strip-json-comments cache-miss
108 silly fetch manifest decompress-response@^6.0.0
109 silly packumentCache full:https://registry.npmjs.org/decompress-response cache-miss
110 silly fetch manifest once@^1.3.1
111 silly packumentCache full:https://registry.npmjs.org/once cache-miss
112 silly fetch manifest simple-concat@^1.0.0
113 silly packumentCache full:https://registry.npmjs.org/simple-concat cache-miss
114 silly fetch manifest chownr@^1.1.1
115 silly packumentCache full:https://registry.npmjs.org/chownr cache-miss
116 silly fetch manifest tar-stream@^2.1.4
117 silly packumentCache full:https://registry.npmjs.org/tar-stream cache-miss
118 silly fetch manifest safe-buffer@^5.0.1
119 silly packumentCache full:https://registry.npmjs.org/safe-buffer cache-miss
120 http fetch GET 200 https://registry.npmjs.org/once 115ms (cache miss)
121 silly packumentCache full:https://registry.npmjs.org/once set size:undefined disposed:false
122 http fetch GET 200 https://registry.npmjs.org/once 117ms (cache miss)
123 silly packumentCache full:https://registry.npmjs.org/once set size:undefined disposed:false
124 http fetch GET 200 https://registry.npmjs.org/end-of-stream 123ms (cache miss)
125 silly packumentCache full:https://registry.npmjs.org/end-of-stream set size:undefined disposed:false
126 http fetch GET 200 https://registry.npmjs.org/chownr 126ms (cache miss)
127 silly packumentCache full:https://registry.npmjs.org/chownr set size:undefined disposed:false
128 http fetch GET 200 https://registry.npmjs.org/simple-concat 128ms (cache miss)
129 silly packumentCache full:https://registry.npmjs.org/simple-concat set size:undefined disposed:false
130 http fetch GET 200 https://registry.npmjs.org/safe-buffer 130ms (cache miss)
131 silly packumentCache full:https://registry.npmjs.org/safe-buffer set size:undefined disposed:false
132 http fetch GET 200 https://registry.npmjs.org/deep-extend 135ms (cache miss)
133 silly packumentCache full:https://registry.npmjs.org/deep-extend set size:undefined disposed:false
134 http fetch GET 200 https://registry.npmjs.org/decompress-response 136ms (cache miss)
135 silly packumentCache full:https://registry.npmjs.org/decompress-response set size:undefined disposed:false
136 http fetch GET 200 https://registry.npmjs.org/ini 140ms (cache miss)
137 silly packumentCache full:https://registry.npmjs.org/ini set size:undefined disposed:false
138 http fetch GET 200 https://registry.npmjs.org/tar-stream 147ms (cache miss)
139 silly packumentCache full:https://registry.npmjs.org/tar-stream set size:undefined disposed:false
140 http fetch GET 200 https://registry.npmjs.org/semver 163ms (cache miss)
141 silly packumentCache full:https://registry.npmjs.org/semver set size:undefined disposed:false
142 http fetch GET 200 https://registry.npmjs.org/strip-json-comments 263ms (cache miss)
143 silly packumentCache full:https://registry.npmjs.org/strip-json-comments set size:undefined disposed:false
144 silly placeDep node_modules/node-abi semver@7.7.4 OK for: node-abi@3.89.0 want: ^7.3.5
145 silly placeDep ROOT end-of-stream@1.4.5 OK for: pump@3.0.4 want: ^1.1.0
146 silly placeDep ROOT once@1.4.0 OK for: pump@3.0.4 want: ^1.3.1
147 silly fetch manifest once@^1.4.0
148 silly packumentCache full:https://registry.npmjs.org/once cache-miss
149 silly fetch manifest wrappy@1
150 silly packumentCache full:https://registry.npmjs.org/wrappy cache-miss
151 http cache https://registry.npmjs.org/once 11ms (cache hit)
152 silly packumentCache full:https://registry.npmjs.org/once set size:11752 disposed:false
153 http fetch GET 200 https://registry.npmjs.org/wrappy 98ms (cache miss)
154 silly packumentCache full:https://registry.npmjs.org/wrappy set size:undefined disposed:false
155 silly placeDep ROOT wrappy@1.0.2 OK for: once@1.4.0 want: 1
156 silly placeDep ROOT deep-extend@0.6.0 OK for: rc@1.2.8 want: ^0.6.0
157 silly placeDep ROOT ini@1.3.8 OK for: rc@1.2.8 want: ~1.3.0
158 silly placeDep ROOT strip-json-comments@2.0.1 OK for: rc@1.2.8 want: ~2.0.1
159 silly placeDep ROOT decompress-response@6.0.0 OK for: simple-get@4.0.1 want: ^6.0.0
160 silly placeDep ROOT simple-concat@1.0.1 OK for: simple-get@4.0.1 want: ^1.0.0
161 silly fetch manifest mimic-response@^3.1.0
162 silly packumentCache full:https://registry.npmjs.org/mimic-response cache-miss
163 http fetch GET 200 https://registry.npmjs.org/mimic-response 145ms (cache miss)
164 silly packumentCache full:https://registry.npmjs.org/mimic-response set size:undefined disposed:false
165 silly placeDep ROOT mimic-response@3.1.0 OK for: decompress-response@6.0.0 want: ^3.1.0
166 silly placeDep ROOT chownr@1.1.4 OK for: tar-fs@2.1.4 want: ^1.1.1
167 silly placeDep ROOT tar-stream@2.2.0 OK for: tar-fs@2.1.4 want: ^2.1.4
168 silly fetch manifest bl@^4.0.3
169 silly packumentCache full:https://registry.npmjs.org/bl cache-miss
170 silly fetch manifest inherits@^2.0.3
171 silly packumentCache full:https://registry.npmjs.org/inherits cache-miss
172 silly fetch manifest fs-constants@^1.0.0
173 silly packumentCache full:https://registry.npmjs.org/fs-constants cache-miss
174 silly fetch manifest readable-stream@^3.1.1
175 silly packumentCache full:https://registry.npmjs.org/readable-stream cache-miss
176 http fetch GET 200 https://registry.npmjs.org/inherits 90ms (cache miss)
177 silly packumentCache full:https://registry.npmjs.org/inherits set size:undefined disposed:false
178 http fetch GET 200 https://registry.npmjs.org/fs-constants 92ms (cache miss)
179 silly packumentCache full:https://registry.npmjs.org/fs-constants set size:undefined disposed:false
180 http fetch GET 200 https://registry.npmjs.org/bl 113ms (cache miss)
181 silly packumentCache full:https://registry.npmjs.org/bl set size:undefined disposed:false
182 http fetch GET 200 https://registry.npmjs.org/readable-stream 117ms (cache miss)
183 silly packumentCache full:https://registry.npmjs.org/readable-stream set size:undefined disposed:false
184 silly placeDep ROOT bl@4.1.0 OK for: tar-stream@2.2.0 want: ^4.0.3
185 silly placeDep ROOT fs-constants@1.0.0 OK for: tar-stream@2.2.0 want: ^1.0.0
186 silly placeDep ROOT inherits@2.0.4 OK for: tar-stream@2.2.0 want: ^2.0.3
187 silly placeDep ROOT readable-stream@3.6.2 OK for: tar-stream@2.2.0 want: ^3.1.1
188 silly fetch manifest buffer@^5.5.0
189 silly packumentCache full:https://registry.npmjs.org/buffer cache-miss
190 silly fetch manifest inherits@^2.0.4
191 silly packumentCache full:https://registry.npmjs.org/inherits cache-miss
192 silly fetch manifest readable-stream@^3.4.0
193 silly packumentCache full:https://registry.npmjs.org/readable-stream cache-miss
194 silly fetch manifest string_decoder@^1.1.1
195 silly packumentCache full:https://registry.npmjs.org/string_decoder cache-miss
196 silly fetch manifest util-deprecate@^1.0.1
197 silly packumentCache full:https://registry.npmjs.org/util-deprecate cache-miss
198 http cache https://registry.npmjs.org/inherits 5ms (cache hit)
199 silly packumentCache full:https://registry.npmjs.org/inherits set size:12925 disposed:false
200 http cache https://registry.npmjs.org/readable-stream 7ms (cache hit)
201 silly packumentCache full:https://registry.npmjs.org/readable-stream set size:261096 disposed:false
202 http fetch GET 200 https://registry.npmjs.org/string_decoder 102ms (cache miss)
203 silly packumentCache full:https://registry.npmjs.org/string_decoder set size:undefined disposed:false
204 http fetch GET 200 https://registry.npmjs.org/util-deprecate 104ms (cache miss)
205 silly packumentCache full:https://registry.npmjs.org/util-deprecate set size:undefined disposed:false
206 http fetch GET 200 https://registry.npmjs.org/buffer 122ms (cache miss)
207 silly packumentCache full:https://registry.npmjs.org/buffer set size:undefined disposed:false
208 silly placeDep ROOT buffer@5.7.1 OK for: bl@4.1.0 want: ^5.5.0
209 silly fetch manifest base64-js@^1.3.1
210 silly packumentCache full:https://registry.npmjs.org/base64-js cache-miss
211 silly fetch manifest ieee754@^1.1.13
212 silly packumentCache full:https://registry.npmjs.org/ieee754 cache-miss
213 http fetch GET 200 https://registry.npmjs.org/base64-js 97ms (cache miss)
214 silly packumentCache full:https://registry.npmjs.org/base64-js set size:undefined disposed:false
215 http fetch GET 200 https://registry.npmjs.org/ieee754 100ms (cache miss)
216 silly packumentCache full:https://registry.npmjs.org/ieee754 set size:undefined disposed:false
217 silly placeDep ROOT base64-js@1.5.1 OK for: buffer@5.7.1 want: ^1.3.1
218 silly placeDep ROOT ieee754@1.2.1 OK for: buffer@5.7.1 want: ^1.1.13
219 silly placeDep ROOT string_decoder@1.3.0 OK for: readable-stream@3.6.2 want: ^1.1.1
220 silly placeDep ROOT util-deprecate@1.0.2 OK for: readable-stream@3.6.2 want: ^1.0.1
221 silly fetch manifest safe-buffer@~5.2.0
222 silly packumentCache full:https://registry.npmjs.org/safe-buffer cache-miss
223 http cache https://registry.npmjs.org/safe-buffer 4ms (cache hit)
224 silly packumentCache full:https://registry.npmjs.org/safe-buffer set size:41183 disposed:false
225 silly placeDep ROOT safe-buffer@5.2.1 OK for: string_decoder@1.3.0 want: ~5.2.0
226 silly reify moves {}
227 silly audit bulk request {
227 silly audit   '@babel/code-frame': [ '7.29.0' ],
227 silly audit   '@babel/compat-data': [ '7.29.0' ],
227 silly audit   '@babel/core': [ '7.29.0' ],
227 silly audit   '@babel/generator': [ '7.29.1' ],
227 silly audit   '@babel/helper-compilation-targets': [ '7.28.6' ],
227 silly audit   '@babel/helper-globals': [ '7.28.0' ],
227 silly audit   '@babel/helper-module-imports': [ '7.28.6' ],
227 silly audit   '@babel/helper-module-transforms': [ '7.28.6' ],
227 silly audit   '@babel/helper-plugin-utils': [ '7.28.6' ],
227 silly audit   '@babel/helper-string-parser': [ '7.27.1' ],
227 silly audit   '@babel/helper-validator-identifier': [ '7.28.5' ],
227 silly audit   '@babel/helper-validator-option': [ '7.27.1' ],
227 silly audit   '@babel/helpers': [ '7.29.2' ],
227 silly audit   '@babel/parser': [ '7.29.2' ],
227 silly audit   '@babel/plugin-transform-react-jsx-self': [ '7.27.1' ],
227 silly audit   '@babel/plugin-transform-react-jsx-source': [ '7.27.1' ],
227 silly audit   '@babel/template': [ '7.28.6' ],
227 silly audit   '@babel/traverse': [ '7.29.0' ],
227 silly audit   '@babel/types': [ '7.29.0' ],
227 silly audit   '@esbuild/aix-ppc64': [ '0.21.5' ],
227 silly audit   '@esbuild/android-arm': [ '0.21.5' ],
227 silly audit   '@esbuild/android-arm64': [ '0.21.5' ],
227 silly audit   '@esbuild/android-x64': [ '0.21.5' ],
227 silly audit   '@esbuild/darwin-arm64': [ '0.21.5' ],
227 silly audit   '@esbuild/darwin-x64': [ '0.21.5' ],
227 silly audit   '@esbuild/freebsd-arm64': [ '0.21.5' ],
227 silly audit   '@esbuild/freebsd-x64': [ '0.21.5' ],
227 silly audit   '@esbuild/linux-arm': [ '0.21.5' ],
227 silly audit   '@esbuild/linux-arm64': [ '0.21.5' ],
227 silly audit   '@esbuild/linux-ia32': [ '0.21.5' ],
227 silly audit   '@esbuild/linux-loong64': [ '0.21.5' ],
227 silly audit   '@esbuild/linux-mips64el': [ '0.21.5' ],
227 silly audit   '@esbuild/linux-ppc64': [ '0.21.5' ],
227 silly audit   '@esbuild/linux-riscv64': [ '0.21.5' ],
227 silly audit   '@esbuild/linux-s390x': [ '0.21.5' ],
227 silly audit   '@esbuild/linux-x64': [ '0.21.5' ],
227 silly audit   '@esbuild/netbsd-x64': [ '0.21.5' ],
227 silly audit   '@esbuild/openbsd-x64': [ '0.21.5' ],
227 silly audit   '@esbuild/sunos-x64': [ '0.21.5' ],
227 silly audit   '@esbuild/win32-arm64': [ '0.21.5' ],
227 silly audit   '@esbuild/win32-ia32': [ '0.21.5' ],
227 silly audit   '@esbuild/win32-x64': [ '0.21.5' ],
227 silly audit   '@jridgewell/gen-mapping': [ '0.3.13' ],
227 silly audit   '@jridgewell/remapping': [ '2.3.5' ],
227 silly audit   '@jridgewell/resolve-uri': [ '3.1.2' ],
227 silly audit   '@jridgewell/sourcemap-codec': [ '1.5.5' ],
227 silly audit   '@jridgewell/trace-mapping': [ '0.3.31' ],
227 silly audit   '@rolldown/pluginutils': [ '1.0.0-beta.27' ],
227 silly audit   '@rollup/rollup-android-arm-eabi': [ '4.60.1' ],
227 silly audit   '@rollup/rollup-android-arm64': [ '4.60.1' ],
227 silly audit   '@rollup/rollup-darwin-arm64': [ '4.60.1' ],
227 silly audit   '@rollup/rollup-darwin-x64': [ '4.60.1' ],
227 silly audit   '@rollup/rollup-freebsd-arm64': [ '4.60.1' ],
227 silly audit   '@rollup/rollup-freebsd-x64': [ '4.60.1' ],
227 silly audit   '@rollup/rollup-linux-arm-gnueabihf': [ '4.60.1' ],
227 silly audit   '@rollup/rollup-linux-arm-musleabihf': [ '4.60.1' ],
227 silly audit   '@rollup/rollup-linux-arm64-gnu': [ '4.60.1' ],
227 silly audit   '@rollup/rollup-linux-arm64-musl': [ '4.60.1' ],
227 silly audit   '@rollup/rollup-linux-loong64-gnu': [ '4.60.1' ],
227 silly audit   '@rollup/rollup-linux-loong64-musl': [ '4.60.1' ],
227 silly audit   '@rollup/rollup-linux-ppc64-gnu': [ '4.60.1' ],
227 silly audit   '@rollup/rollup-linux-ppc64-musl': [ '4.60.1' ],
227 silly audit   '@rollup/rollup-linux-riscv64-gnu': [ '4.60.1' ],
227 silly audit   '@rollup/rollup-linux-riscv64-musl': [ '4.60.1' ],
227 silly audit   '@rollup/rollup-linux-s390x-gnu': [ '4.60.1' ],
227 silly audit   '@rollup/rollup-linux-x64-gnu': [ '4.60.1' ],
227 silly audit   '@rollup/rollup-linux-x64-musl': [ '4.60.1' ],
227 silly audit   '@rollup/rollup-openbsd-x64': [ '4.60.1' ],
227 silly audit   '@rollup/rollup-openharmony-arm64': [ '4.60.1' ],
227 silly audit   '@rollup/rollup-win32-arm64-msvc': [ '4.60.1' ],
227 silly audit   '@rollup/rollup-win32-ia32-msvc': [ '4.60.1' ],
227 silly audit   '@rollup/rollup-win32-x64-gnu': [ '4.60.1' ],
227 silly audit   '@rollup/rollup-win32-x64-msvc': [ '4.60.1' ],
227 silly audit   '@types/babel__core': [ '7.20.5' ],
227 silly audit   '@types/babel__generator': [ '7.27.0' ],
227 silly audit   '@types/babel__template': [ '7.4.4' ],
227 silly audit   '@types/babel__traverse': [ '7.28.0' ],
227 silly audit   '@types/estree': [ '1.0.8' ],
227 silly audit   '@types/prop-types': [ '15.7.15' ],
227 silly audit   '@types/react': [ '18.3.28' ],
227 silly audit   '@types/react-dom': [ '18.3.7' ],
227 silly audit   '@vitejs/plugin-react': [ '4.7.0' ],
227 silly audit   'baseline-browser-mapping': [ '2.10.19' ],
227 silly audit   browserslist: [ '4.28.2' ],
227 silly audit   'caniuse-lite': [ '1.0.30001788' ],
227 silly audit   'convert-source-map': [ '2.0.0' ],
227 silly audit   csstype: [ '3.2.3' ],
227 silly audit   debug: [ '4.4.3' ],
227 silly audit   'electron-to-chromium': [ '1.5.336' ],
227 silly audit   esbuild: [ '0.21.5' ],
227 silly audit   escalade: [ '3.2.0' ],
227 silly audit   'framer-motion': [ '11.18.2' ],
227 silly audit   fsevents: [ '2.3.3' ],
227 silly audit   gensync: [ '1.0.0-beta.2' ],
227 silly audit   'js-tokens': [ '4.0.0' ],
227 silly audit   jsesc: [ '3.1.0' ],
227 silly audit   json5: [ '2.2.3' ],
227 silly audit   'loose-envify': [ '1.4.0' ],
227 silly audit   'lru-cache': [ '5.1.1' ],
227 silly audit   'lucide-react': [ '0.542.0' ],
227 silly audit   'motion-dom': [ '11.18.1' ],
227 silly audit   'motion-utils': [ '11.18.1' ],
227 silly audit   ms: [ '2.1.3' ],
227 silly audit   nanoid: [ '3.3.11' ],
227 silly audit   'node-releases': [ '2.0.37' ],
227 silly audit   picocolors: [ '1.1.1' ],
227 silly audit   postcss: [ '8.5.9' ],
227 silly audit   react: [ '18.3.1' ],
227 silly audit   'react-dom': [ '18.3.1' ],
227 silly audit   'react-refresh': [ '0.17.0' ],
227 silly audit   rollup: [ '4.60.1' ],
227 silly audit   scheduler: [ '0.23.2' ],
227 silly audit   semver: [ '6.3.1', '7.7.4' ],
227 silly audit   'source-map-js': [ '1.2.1' ],
227 silly audit   tslib: [ '2.8.1' ],
227 silly audit   typescript: [ '5.9.3' ],
227 silly audit   'update-browserslist-db': [ '1.2.3' ],
227 silly audit   vite: [ '5.4.21' ],
227 silly audit   yallist: [ '3.1.1' ],
227 silly audit   'better-sqlite3': [ '11.10.0' ],
227 silly audit   bindings: [ '1.5.0' ],
227 silly audit   'prebuild-install': [ '7.1.3' ],
227 silly audit   'file-uri-to-path': [ '1.0.0' ],
227 silly audit   'detect-libc': [ '2.1.2' ],
227 silly audit   'expand-template': [ '2.0.3' ],
227 silly audit   'github-from-package': [ '0.0.0' ],
227 silly audit   minimist: [ '1.2.8' ],
227 silly audit   'mkdirp-classic': [ '0.5.3' ],
227 silly audit   'napi-build-utils': [ '2.0.0' ],
227 silly audit   'node-abi': [ '3.89.0' ],
227 silly audit   pump: [ '3.0.4' ],
227 silly audit   rc: [ '1.2.8' ],
227 silly audit   'simple-get': [ '4.0.1' ],
227 silly audit   'tar-fs': [ '2.1.4' ],
227 silly audit   'tunnel-agent': [ '0.6.0' ],
227 silly audit   'end-of-stream': [ '1.4.5' ],
227 silly audit   once: [ '1.4.0' ],
227 silly audit   wrappy: [ '1.0.2' ],
227 silly audit   'deep-extend': [ '0.6.0' ],
227 silly audit   ini: [ '1.3.8' ],
227 silly audit   'strip-json-comments': [ '2.0.1' ],
227 silly audit   'decompress-response': [ '6.0.0' ],
227 silly audit   'simple-concat': [ '1.0.1' ],
227 silly audit   'mimic-response': [ '3.1.0' ],
227 silly audit   chownr: [ '1.1.4' ],
227 silly audit   'tar-stream': [ '2.2.0' ],
227 silly audit   bl: [ '4.1.0' ],
227 silly audit   'fs-constants': [ '1.0.0' ],
227 silly audit   inherits: [ '2.0.4' ],
227 silly audit   'readable-stream': [ '3.6.2' ],
227 silly audit   buffer: [ '5.7.1' ],
227 silly audit   'base64-js': [ '1.5.1' ],
227 silly audit   ieee754: [ '1.2.1' ],
227 silly audit   string_decoder: [ '1.3.0' ],
227 silly audit   'util-deprecate': [ '1.0.2' ],
227 silly audit   'safe-buffer': [ '5.2.1' ]
227 silly audit }
228 verbose reify failed optional dependency E:\Interpretive_Friction-main\node_modules\fsevents
229 silly reify mark deleted [ 'E:\\Interpretive_Friction-main\\node_modules\\fsevents' ]
230 verbose reify failed optional dependency E:\Interpretive_Friction-main\node_modules\@rollup\rollup-win32-ia32-msvc
231 silly reify mark deleted [
231 silly reify   'E:\\Interpretive_Friction-main\\node_modules\\@rollup\\rollup-win32-ia32-msvc'
231 silly reify ]
232 verbose reify failed optional dependency E:\Interpretive_Friction-main\node_modules\@rollup\rollup-win32-arm64-msvc
233 silly reify mark deleted [
233 silly reify   'E:\\Interpretive_Friction-main\\node_modules\\@rollup\\rollup-win32-arm64-msvc'
233 silly reify ]
234 verbose reify failed optional dependency E:\Interpretive_Friction-main\node_modules\@rollup\rollup-openharmony-arm64
235 silly reify mark deleted [
235 silly reify   'E:\\Interpretive_Friction-main\\node_modules\\@rollup\\rollup-openharmony-arm64'
235 silly reify ]
236 verbose reify failed optional dependency E:\Interpretive_Friction-main\node_modules\@rollup\rollup-openbsd-x64
237 silly reify mark deleted [
237 silly reify   'E:\\Interpretive_Friction-main\\node_modules\\@rollup\\rollup-openbsd-x64'
237 silly reify ]
238 verbose reify failed optional dependency E:\Interpretive_Friction-main\node_modules\@rollup\rollup-linux-x64-musl
239 silly reify mark deleted [
239 silly reify   'E:\\Interpretive_Friction-main\\node_modules\\@rollup\\rollup-linux-x64-musl'
239 silly reify ]
240 verbose reify failed optional dependency E:\Interpretive_Friction-main\node_modules\@rollup\rollup-linux-x64-gnu
241 silly reify mark deleted [
241 silly reify   'E:\\Interpretive_Friction-main\\node_modules\\@rollup\\rollup-linux-x64-gnu'
241 silly reify ]
242 verbose reify failed optional dependency E:\Interpretive_Friction-main\node_modules\@rollup\rollup-linux-s390x-gnu
243 silly reify mark deleted [
243 silly reify   'E:\\Interpretive_Friction-main\\node_modules\\@rollup\\rollup-linux-s390x-gnu'
243 silly reify ]
244 verbose reify failed optional dependency E:\Interpretive_Friction-main\node_modules\@rollup\rollup-linux-riscv64-musl
245 silly reify mark deleted [
245 silly reify   'E:\\Interpretive_Friction-main\\node_modules\\@rollup\\rollup-linux-riscv64-musl'
245 silly reify ]
246 verbose reify failed optional dependency E:\Interpretive_Friction-main\node_modules\@rollup\rollup-linux-riscv64-gnu
247 silly reify mark deleted [
247 silly reify   'E:\\Interpretive_Friction-main\\node_modules\\@rollup\\rollup-linux-riscv64-gnu'
247 silly reify ]
248 verbose reify failed optional dependency E:\Interpretive_Friction-main\node_modules\@rollup\rollup-linux-ppc64-musl
249 silly reify mark deleted [
249 silly reify   'E:\\Interpretive_Friction-main\\node_modules\\@rollup\\rollup-linux-ppc64-musl'
249 silly reify ]
250 verbose reify failed optional dependency E:\Interpretive_Friction-main\node_modules\@rollup\rollup-linux-ppc64-gnu
251 silly reify mark deleted [
251 silly reify   'E:\\Interpretive_Friction-main\\node_modules\\@rollup\\rollup-linux-ppc64-gnu'
251 silly reify ]
252 verbose reify failed optional dependency E:\Interpretive_Friction-main\node_modules\@rollup\rollup-linux-loong64-musl
253 silly reify mark deleted [
253 silly reify   'E:\\Interpretive_Friction-main\\node_modules\\@rollup\\rollup-linux-loong64-musl'
253 silly reify ]
254 verbose reify failed optional dependency E:\Interpretive_Friction-main\node_modules\@rollup\rollup-linux-loong64-gnu
255 silly reify mark deleted [
255 silly reify   'E:\\Interpretive_Friction-main\\node_modules\\@rollup\\rollup-linux-loong64-gnu'
255 silly reify ]
256 verbose reify failed optional dependency E:\Interpretive_Friction-main\node_modules\@rollup\rollup-linux-arm64-musl
257 silly reify mark deleted [
257 silly reify   'E:\\Interpretive_Friction-main\\node_modules\\@rollup\\rollup-linux-arm64-musl'
257 silly reify ]
258 verbose reify failed optional dependency E:\Interpretive_Friction-main\node_modules\@rollup\rollup-linux-arm64-gnu
259 silly reify mark deleted [
259 silly reify   'E:\\Interpretive_Friction-main\\node_modules\\@rollup\\rollup-linux-arm64-gnu'
259 silly reify ]
260 verbose reify failed optional dependency E:\Interpretive_Friction-main\node_modules\@rollup\rollup-linux-arm-musleabihf
261 silly reify mark deleted [
261 silly reify   'E:\\Interpretive_Friction-main\\node_modules\\@rollup\\rollup-linux-arm-musleabihf'
261 silly reify ]
262 verbose reify failed optional dependency E:\Interpretive_Friction-main\node_modules\@rollup\rollup-linux-arm-gnueabihf
263 silly reify mark deleted [
263 silly reify   'E:\\Interpretive_Friction-main\\node_modules\\@rollup\\rollup-linux-arm-gnueabihf'
263 silly reify ]
264 verbose reify failed optional dependency E:\Interpretive_Friction-main\node_modules\@rollup\rollup-freebsd-x64
265 silly reify mark deleted [
265 silly reify   'E:\\Interpretive_Friction-main\\node_modules\\@rollup\\rollup-freebsd-x64'
265 silly reify ]
266 verbose reify failed optional dependency E:\Interpretive_Friction-main\node_modules\@rollup\rollup-freebsd-arm64
267 silly reify mark deleted [
267 silly reify   'E:\\Interpretive_Friction-main\\node_modules\\@rollup\\rollup-freebsd-arm64'
267 silly reify ]
268 verbose reify failed optional dependency E:\Interpretive_Friction-main\node_modules\@rollup\rollup-darwin-x64
269 silly reify mark deleted [
269 silly reify   'E:\\Interpretive_Friction-main\\node_modules\\@rollup\\rollup-darwin-x64'
269 silly reify ]
270 verbose reify failed optional dependency E:\Interpretive_Friction-main\node_modules\@rollup\rollup-darwin-arm64
271 silly reify mark deleted [
271 silly reify   'E:\\Interpretive_Friction-main\\node_modules\\@rollup\\rollup-darwin-arm64'
271 silly reify ]
272 verbose reify failed optional dependency E:\Interpretive_Friction-main\node_modules\@rollup\rollup-android-arm64
273 silly reify mark deleted [
273 silly reify   'E:\\Interpretive_Friction-main\\node_modules\\@rollup\\rollup-android-arm64'
273 silly reify ]
274 verbose reify failed optional dependency E:\Interpretive_Friction-main\node_modules\@rollup\rollup-android-arm-eabi
275 silly reify mark deleted [
275 silly reify   'E:\\Interpretive_Friction-main\\node_modules\\@rollup\\rollup-android-arm-eabi'
275 silly reify ]
276 verbose reify failed optional dependency E:\Interpretive_Friction-main\node_modules\@esbuild\win32-ia32
277 silly reify mark deleted [
277 silly reify   'E:\\Interpretive_Friction-main\\node_modules\\@esbuild\\win32-ia32'
277 silly reify ]
278 verbose reify failed optional dependency E:\Interpretive_Friction-main\node_modules\@esbuild\win32-arm64
279 silly reify mark deleted [
279 silly reify   'E:\\Interpretive_Friction-main\\node_modules\\@esbuild\\win32-arm64'
279 silly reify ]
280 verbose reify failed optional dependency E:\Interpretive_Friction-main\node_modules\@esbuild\sunos-x64
281 silly reify mark deleted [ 'E:\\Interpretive_Friction-main\\node_modules\\@esbuild\\sunos-x64' ]
282 verbose reify failed optional dependency E:\Interpretive_Friction-main\node_modules\@esbuild\openbsd-x64
283 silly reify mark deleted [
283 silly reify   'E:\\Interpretive_Friction-main\\node_modules\\@esbuild\\openbsd-x64'
283 silly reify ]
284 verbose reify failed optional dependency E:\Interpretive_Friction-main\node_modules\@esbuild\netbsd-x64
285 silly reify mark deleted [
285 silly reify   'E:\\Interpretive_Friction-main\\node_modules\\@esbuild\\netbsd-x64'
285 silly reify ]
286 verbose reify failed optional dependency E:\Interpretive_Friction-main\node_modules\@esbuild\linux-x64
287 silly reify mark deleted [ 'E:\\Interpretive_Friction-main\\node_modules\\@esbuild\\linux-x64' ]
288 verbose reify failed optional dependency E:\Interpretive_Friction-main\node_modules\@esbuild\linux-s390x
289 silly reify mark deleted [
289 silly reify   'E:\\Interpretive_Friction-main\\node_modules\\@esbuild\\linux-s390x'
289 silly reify ]
290 verbose reify failed optional dependency E:\Interpretive_Friction-main\node_modules\@esbuild\linux-riscv64
291 silly reify mark deleted [
291 silly reify   'E:\\Interpretive_Friction-main\\node_modules\\@esbuild\\linux-riscv64'
291 silly reify ]
292 verbose reify failed optional dependency E:\Interpretive_Friction-main\node_modules\@esbuild\linux-ppc64
293 silly reify mark deleted [
293 silly reify   'E:\\Interpretive_Friction-main\\node_modules\\@esbuild\\linux-ppc64'
293 silly reify ]
294 verbose reify failed optional dependency E:\Interpretive_Friction-main\node_modules\@esbuild\linux-mips64el
295 silly reify mark deleted [
295 silly reify   'E:\\Interpretive_Friction-main\\node_modules\\@esbuild\\linux-mips64el'
295 silly reify ]
296 verbose reify failed optional dependency E:\Interpretive_Friction-main\node_modules\@esbuild\linux-loong64
297 silly reify mark deleted [
297 silly reify   'E:\\Interpretive_Friction-main\\node_modules\\@esbuild\\linux-loong64'
297 silly reify ]
298 verbose reify failed optional dependency E:\Interpretive_Friction-main\node_modules\@esbuild\linux-ia32
299 silly reify mark deleted [
299 silly reify   'E:\\Interpretive_Friction-main\\node_modules\\@esbuild\\linux-ia32'
299 silly reify ]
300 verbose reify failed optional dependency E:\Interpretive_Friction-main\node_modules\@esbuild\linux-arm64
301 silly reify mark deleted [
301 silly reify   'E:\\Interpretive_Friction-main\\node_modules\\@esbuild\\linux-arm64'
301 silly reify ]
302 verbose reify failed optional dependency E:\Interpretive_Friction-main\node_modules\@esbuild\linux-arm
303 silly reify mark deleted [ 'E:\\Interpretive_Friction-main\\node_modules\\@esbuild\\linux-arm' ]
304 verbose reify failed optional dependency E:\Interpretive_Friction-main\node_modules\@esbuild\freebsd-x64
305 silly reify mark deleted [
305 silly reify   'E:\\Interpretive_Friction-main\\node_modules\\@esbuild\\freebsd-x64'
305 silly reify ]
306 verbose reify failed optional dependency E:\Interpretive_Friction-main\node_modules\@esbuild\freebsd-arm64
307 silly reify mark deleted [
307 silly reify   'E:\\Interpretive_Friction-main\\node_modules\\@esbuild\\freebsd-arm64'
307 silly reify ]
308 verbose reify failed optional dependency E:\Interpretive_Friction-main\node_modules\@esbuild\darwin-x64
309 silly reify mark deleted [
309 silly reify   'E:\\Interpretive_Friction-main\\node_modules\\@esbuild\\darwin-x64'
309 silly reify ]
310 verbose reify failed optional dependency E:\Interpretive_Friction-main\node_modules\@esbuild\darwin-arm64
311 silly reify mark deleted [
311 silly reify   'E:\\Interpretive_Friction-main\\node_modules\\@esbuild\\darwin-arm64'
311 silly reify ]
312 verbose reify failed optional dependency E:\Interpretive_Friction-main\node_modules\@esbuild\android-x64
313 silly reify mark deleted [
313 silly reify   'E:\\Interpretive_Friction-main\\node_modules\\@esbuild\\android-x64'
313 silly reify ]
314 verbose reify failed optional dependency E:\Interpretive_Friction-main\node_modules\@esbuild\android-arm64
315 silly reify mark deleted [
315 silly reify   'E:\\Interpretive_Friction-main\\node_modules\\@esbuild\\android-arm64'
315 silly reify ]
316 verbose reify failed optional dependency E:\Interpretive_Friction-main\node_modules\@esbuild\android-arm
317 silly reify mark deleted [
317 silly reify   'E:\\Interpretive_Friction-main\\node_modules\\@esbuild\\android-arm'
317 silly reify ]
318 verbose reify failed optional dependency E:\Interpretive_Friction-main\node_modules\@esbuild\aix-ppc64
319 silly reify mark deleted [ 'E:\\Interpretive_Friction-main\\node_modules\\@esbuild\\aix-ppc64' ]
320 http cache safe-buffer@https://registry.npmjs.org/safe-buffer/-/safe-buffer-5.2.1.tgz 0ms (cache hit)
321 http cache string_decoder@https://registry.npmjs.org/string_decoder/-/string_decoder-1.3.0.tgz 0ms (cache hit)
322 http cache ieee754@https://registry.npmjs.org/ieee754/-/ieee754-1.2.1.tgz 0ms (cache hit)
323 http cache base64-js@https://registry.npmjs.org/base64-js/-/base64-js-1.5.1.tgz 0ms (cache hit)
324 http cache util-deprecate@https://registry.npmjs.org/util-deprecate/-/util-deprecate-1.0.2.tgz 0ms (cache hit)
325 http cache buffer@https://registry.npmjs.org/buffer/-/buffer-5.7.1.tgz 0ms (cache hit)
326 http cache readable-stream@https://registry.npmjs.org/readable-stream/-/readable-stream-3.6.2.tgz 0ms (cache hit)
327 http cache fs-constants@https://registry.npmjs.org/fs-constants/-/fs-constants-1.0.0.tgz 0ms (cache hit)
328 http cache tar-stream@https://registry.npmjs.org/tar-stream/-/tar-stream-2.2.0.tgz 0ms (cache hit)
329 http cache chownr@https://registry.npmjs.org/chownr/-/chownr-1.1.4.tgz 0ms (cache hit)
330 http cache mimic-response@https://registry.npmjs.org/mimic-response/-/mimic-response-3.1.0.tgz 0ms (cache hit)
331 http cache simple-concat@https://registry.npmjs.org/simple-concat/-/simple-concat-1.0.1.tgz 0ms (cache hit)
332 http cache bl@https://registry.npmjs.org/bl/-/bl-4.1.0.tgz 0ms (cache hit)
333 http cache inherits@https://registry.npmjs.org/inherits/-/inherits-2.0.4.tgz 0ms (cache hit)
334 http cache decompress-response@https://registry.npmjs.org/decompress-response/-/decompress-response-6.0.0.tgz 0ms (cache hit)
335 http cache strip-json-comments@https://registry.npmjs.org/strip-json-comments/-/strip-json-comments-2.0.1.tgz 0ms (cache hit)
336 http cache deep-extend@https://registry.npmjs.org/deep-extend/-/deep-extend-0.6.0.tgz 0ms (cache hit)
337 http cache ini@https://registry.npmjs.org/ini/-/ini-1.3.8.tgz 0ms (cache hit)
338 http cache wrappy@https://registry.npmjs.org/wrappy/-/wrappy-1.0.2.tgz 0ms (cache hit)
339 http cache tunnel-agent@https://registry.npmjs.org/tunnel-agent/-/tunnel-agent-0.6.0.tgz 0ms (cache hit)
340 http cache end-of-stream@https://registry.npmjs.org/end-of-stream/-/end-of-stream-1.4.5.tgz 0ms (cache hit)
341 http cache simple-get@https://registry.npmjs.org/simple-get/-/simple-get-4.0.1.tgz 0ms (cache hit)
342 http cache pump@https://registry.npmjs.org/pump/-/pump-3.0.4.tgz 0ms (cache hit)
343 http cache once@https://registry.npmjs.org/once/-/once-1.4.0.tgz 0ms (cache hit)
344 http cache tar-fs@https://registry.npmjs.org/tar-fs/-/tar-fs-2.1.4.tgz 0ms (cache hit)
345 http cache napi-build-utils@https://registry.npmjs.org/napi-build-utils/-/napi-build-utils-2.0.0.tgz 0ms (cache hit)
346 http cache mkdirp-classic@https://registry.npmjs.org/mkdirp-classic/-/mkdirp-classic-0.5.3.tgz 0ms (cache hit)
347 http cache node-abi@https://registry.npmjs.org/node-abi/-/node-abi-3.89.0.tgz 0ms (cache hit)
348 http cache rc@https://registry.npmjs.org/rc/-/rc-1.2.8.tgz 0ms (cache hit)
349 http cache github-from-package@https://registry.npmjs.org/github-from-package/-/github-from-package-0.0.0.tgz 0ms (cache hit)
350 http cache minimist@https://registry.npmjs.org/minimist/-/minimist-1.2.8.tgz 0ms (cache hit)
351 http cache expand-template@https://registry.npmjs.org/expand-template/-/expand-template-2.0.3.tgz 0ms (cache hit)
352 http cache file-uri-to-path@https://registry.npmjs.org/file-uri-to-path/-/file-uri-to-path-1.0.0.tgz 0ms (cache hit)
353 http cache semver@https://registry.npmjs.org/semver/-/semver-7.7.4.tgz 0ms (cache hit)
354 http cache bindings@https://registry.npmjs.org/bindings/-/bindings-1.5.0.tgz 0ms (cache hit)
355 http cache detect-libc@https://registry.npmjs.org/detect-libc/-/detect-libc-2.1.2.tgz 0ms (cache hit)
356 silly tarball no local data for safe-buffer@https://registry.npmjs.org/safe-buffer/-/safe-buffer-5.2.1.tgz. Extracting by manifest.
357 silly tarball no local data for string_decoder@https://registry.npmjs.org/string_decoder/-/string_decoder-1.3.0.tgz. Extracting by manifest.
358 silly tarball no local data for ieee754@https://registry.npmjs.org/ieee754/-/ieee754-1.2.1.tgz. Extracting by manifest.
359 silly tarball no local data for base64-js@https://registry.npmjs.org/base64-js/-/base64-js-1.5.1.tgz. Extracting by manifest.
360 silly tarball no local data for util-deprecate@https://registry.npmjs.org/util-deprecate/-/util-deprecate-1.0.2.tgz. Extracting by manifest.
361 silly tarball no local data for buffer@https://registry.npmjs.org/buffer/-/buffer-5.7.1.tgz. Extracting by manifest.
362 silly tarball no local data for readable-stream@https://registry.npmjs.org/readable-stream/-/readable-stream-3.6.2.tgz. Extracting by manifest.
363 http cache prebuild-install@https://registry.npmjs.org/prebuild-install/-/prebuild-install-7.1.3.tgz 0ms (cache hit)
364 silly tarball no local data for fs-constants@https://registry.npmjs.org/fs-constants/-/fs-constants-1.0.0.tgz. Extracting by manifest.
365 silly tarball no local data for tar-stream@https://registry.npmjs.org/tar-stream/-/tar-stream-2.2.0.tgz. Extracting by manifest.
366 silly tarball no local data for chownr@https://registry.npmjs.org/chownr/-/chownr-1.1.4.tgz. Extracting by manifest.
367 http cache better-sqlite3@https://registry.npmjs.org/better-sqlite3/-/better-sqlite3-11.10.0.tgz 0ms (cache hit)
368 silly tarball no local data for mimic-response@https://registry.npmjs.org/mimic-response/-/mimic-response-3.1.0.tgz. Extracting by manifest.
369 silly tarball no local data for simple-concat@https://registry.npmjs.org/simple-concat/-/simple-concat-1.0.1.tgz. Extracting by manifest.
370 silly tarball no local data for bl@https://registry.npmjs.org/bl/-/bl-4.1.0.tgz. Extracting by manifest.
371 silly tarball no local data for inherits@https://registry.npmjs.org/inherits/-/inherits-2.0.4.tgz. Extracting by manifest.
372 silly tarball no local data for decompress-response@https://registry.npmjs.org/decompress-response/-/decompress-response-6.0.0.tgz. Extracting by manifest.
373 silly tarball no local data for strip-json-comments@https://registry.npmjs.org/strip-json-comments/-/strip-json-comments-2.0.1.tgz. Extracting by manifest.
374 silly tarball no local data for deep-extend@https://registry.npmjs.org/deep-extend/-/deep-extend-0.6.0.tgz. Extracting by manifest.
375 silly tarball no local data for ini@https://registry.npmjs.org/ini/-/ini-1.3.8.tgz. Extracting by manifest.
376 silly tarball no local data for wrappy@https://registry.npmjs.org/wrappy/-/wrappy-1.0.2.tgz. Extracting by manifest.
377 silly tarball no local data for end-of-stream@https://registry.npmjs.org/end-of-stream/-/end-of-stream-1.4.5.tgz. Extracting by manifest.
378 silly tarball no local data for tunnel-agent@https://registry.npmjs.org/tunnel-agent/-/tunnel-agent-0.6.0.tgz. Extracting by manifest.
379 silly tarball no local data for simple-get@https://registry.npmjs.org/simple-get/-/simple-get-4.0.1.tgz. Extracting by manifest.
380 silly tarball no local data for pump@https://registry.npmjs.org/pump/-/pump-3.0.4.tgz. Extracting by manifest.
381 silly tarball no local data for once@https://registry.npmjs.org/once/-/once-1.4.0.tgz. Extracting by manifest.
382 silly tarball no local data for tar-fs@https://registry.npmjs.org/tar-fs/-/tar-fs-2.1.4.tgz. Extracting by manifest.
383 silly tarball no local data for napi-build-utils@https://registry.npmjs.org/napi-build-utils/-/napi-build-utils-2.0.0.tgz. Extracting by manifest.
384 silly tarball no local data for mkdirp-classic@https://registry.npmjs.org/mkdirp-classic/-/mkdirp-classic-0.5.3.tgz. Extracting by manifest.
385 silly tarball no local data for node-abi@https://registry.npmjs.org/node-abi/-/node-abi-3.89.0.tgz. Extracting by manifest.
386 silly tarball no local data for rc@https://registry.npmjs.org/rc/-/rc-1.2.8.tgz. Extracting by manifest.
387 silly tarball no local data for github-from-package@https://registry.npmjs.org/github-from-package/-/github-from-package-0.0.0.tgz. Extracting by manifest.
388 silly tarball no local data for minimist@https://registry.npmjs.org/minimist/-/minimist-1.2.8.tgz. Extracting by manifest.
389 silly tarball no local data for expand-template@https://registry.npmjs.org/expand-template/-/expand-template-2.0.3.tgz. Extracting by manifest.
390 silly tarball no local data for file-uri-to-path@https://registry.npmjs.org/file-uri-to-path/-/file-uri-to-path-1.0.0.tgz. Extracting by manifest.
391 silly tarball no local data for semver@https://registry.npmjs.org/semver/-/semver-7.7.4.tgz. Extracting by manifest.
392 silly tarball no local data for bindings@https://registry.npmjs.org/bindings/-/bindings-1.5.0.tgz. Extracting by manifest.
393 silly tarball no local data for detect-libc@https://registry.npmjs.org/detect-libc/-/detect-libc-2.1.2.tgz. Extracting by manifest.
394 silly tarball no local data for prebuild-install@https://registry.npmjs.org/prebuild-install/-/prebuild-install-7.1.3.tgz. Extracting by manifest.
395 silly tarball no local data for better-sqlite3@https://registry.npmjs.org/better-sqlite3/-/better-sqlite3-11.10.0.tgz. Extracting by manifest.
396 http fetch GET 200 https://registry.npmjs.org/mimic-response/-/mimic-response-3.1.0.tgz 141ms (cache miss)
397 http fetch GET 200 https://registry.npmjs.org/chownr/-/chownr-1.1.4.tgz 142ms (cache miss)
398 http fetch GET 200 https://registry.npmjs.org/tar-stream/-/tar-stream-2.2.0.tgz 144ms (cache miss)
399 http fetch GET 200 https://registry.npmjs.org/fs-constants/-/fs-constants-1.0.0.tgz 144ms (cache miss)
400 http fetch GET 200 https://registry.npmjs.org/ieee754/-/ieee754-1.2.1.tgz 145ms (cache miss)
401 http fetch GET 200 https://registry.npmjs.org/util-deprecate/-/util-deprecate-1.0.2.tgz 144ms (cache miss)
402 http fetch GET 200 https://registry.npmjs.org/base64-js/-/base64-js-1.5.1.tgz 145ms (cache miss)
403 http fetch GET 200 https://registry.npmjs.org/safe-buffer/-/safe-buffer-5.2.1.tgz 146ms (cache miss)
404 http fetch GET 200 https://registry.npmjs.org/string_decoder/-/string_decoder-1.3.0.tgz 147ms (cache miss)
405 http fetch GET 200 https://registry.npmjs.org/bl/-/bl-4.1.0.tgz 158ms (cache miss)
406 http fetch GET 200 https://registry.npmjs.org/buffer/-/buffer-5.7.1.tgz 161ms (cache miss)
407 http fetch GET 200 https://registry.npmjs.org/readable-stream/-/readable-stream-3.6.2.tgz 168ms (cache miss)
408 http fetch GET 200 https://registry.npmjs.org/simple-concat/-/simple-concat-1.0.1.tgz 178ms (cache miss)
409 http fetch GET 200 https://registry.npmjs.org/decompress-response/-/decompress-response-6.0.0.tgz 183ms (cache miss)
410 http fetch GET 200 https://registry.npmjs.org/deep-extend/-/deep-extend-0.6.0.tgz 188ms (cache miss)
411 http fetch GET 200 https://registry.npmjs.org/wrappy/-/wrappy-1.0.2.tgz 191ms (cache miss)
412 http fetch GET 200 https://registry.npmjs.org/strip-json-comments/-/strip-json-comments-2.0.1.tgz 196ms (cache miss)
413 http fetch GET 200 https://registry.npmjs.org/ini/-/ini-1.3.8.tgz 196ms (cache miss)
414 http fetch GET 200 https://registry.npmjs.org/end-of-stream/-/end-of-stream-1.4.5.tgz 204ms (cache miss)
415 http fetch GET 200 https://registry.npmjs.org/tunnel-agent/-/tunnel-agent-0.6.0.tgz 204ms (cache miss)
416 http fetch GET 200 https://registry.npmjs.org/once/-/once-1.4.0.tgz 206ms (cache miss)
417 http fetch GET 200 https://registry.npmjs.org/simple-get/-/simple-get-4.0.1.tgz 213ms (cache miss)
418 http fetch GET 200 https://registry.npmjs.org/napi-build-utils/-/napi-build-utils-2.0.0.tgz 214ms (cache miss)
419 http fetch POST 200 https://registry.npmjs.org/-/npm/v1/security/advisories/bulk 233ms
420 silly audit report {
420 silly audit report   esbuild: [
420 silly audit report     {
420 silly audit report       id: 1102341,
420 silly audit report       url: 'https://github.com/advisories/GHSA-67mh-4wv8-2f99',
420 silly audit report       title: 'esbuild enables any website to send any requests to the development server and read the response',
420 silly audit report       severity: 'moderate',
420 silly audit report       vulnerable_versions: '<=0.24.2',
420 silly audit report       cwe: [Array],
420 silly audit report       cvss: [Object]
420 silly audit report     }
420 silly audit report   ],
420 silly audit report   vite: [
420 silly audit report     {
420 silly audit report       id: 1116229,
420 silly audit report       url: 'https://github.com/advisories/GHSA-4w7w-66w2-5vf9',
420 silly audit report       title: 'Vite Vulnerable to Path Traversal in Optimized Deps `.map` Handling',
420 silly audit report       severity: 'moderate',
420 silly audit report       vulnerable_versions: '<=6.4.1',
420 silly audit report       cwe: [Array],
420 silly audit report       cvss: [Object]
420 silly audit report     }
420 silly audit report   ]
420 silly audit report }
421 silly packumentCache corgi:https://registry.npmjs.org/esbuild cache-miss
422 silly packumentCache corgi:https://registry.npmjs.org/vite cache-miss
423 http fetch GET 200 https://registry.npmjs.org/pump/-/pump-3.0.4.tgz 222ms (cache miss)
424 http fetch GET 200 https://registry.npmjs.org/tar-fs/-/tar-fs-2.1.4.tgz 223ms (cache miss)
425 http fetch GET 200 https://registry.npmjs.org/mkdirp-classic/-/mkdirp-classic-0.5.3.tgz 257ms (cache miss)
426 http fetch GET 200 https://registry.npmjs.org/node-abi/-/node-abi-3.89.0.tgz 264ms (cache miss)
427 http fetch GET 200 https://registry.npmjs.org/github-from-package/-/github-from-package-0.0.0.tgz 266ms (cache miss)
428 http fetch GET 200 https://registry.npmjs.org/expand-template/-/expand-template-2.0.3.tgz 269ms (cache miss)
429 http fetch GET 200 https://registry.npmjs.org/rc/-/rc-1.2.8.tgz 277ms (cache miss)
430 http fetch GET 200 https://registry.npmjs.org/bindings/-/bindings-1.5.0.tgz 288ms (cache miss)
431 http fetch GET 200 https://registry.npmjs.org/file-uri-to-path/-/file-uri-to-path-1.0.0.tgz 293ms (cache miss)
432 http fetch GET 200 https://registry.npmjs.org/detect-libc/-/detect-libc-2.1.2.tgz 299ms (cache miss)
433 http fetch GET 200 https://registry.npmjs.org/minimist/-/minimist-1.2.8.tgz 302ms (cache miss)
434 http fetch GET 200 https://registry.npmjs.org/prebuild-install/-/prebuild-install-7.1.3.tgz 304ms (cache miss)
435 warn deprecated prebuild-install@7.1.3: No longer maintained. Please contact the author of the relevant native addon; alternatives are available.
436 http fetch GET 200 https://registry.npmjs.org/inherits/-/inherits-2.0.4.tgz 315ms (cache miss)
437 http fetch GET 200 https://registry.npmjs.org/semver/-/semver-7.7.4.tgz 326ms (cache miss)
438 http fetch GET 200 https://registry.npmjs.org/esbuild 259ms (cache miss)
439 silly packumentCache corgi:https://registry.npmjs.org/esbuild set size:undefined disposed:false
440 http fetch GET 200 https://registry.npmjs.org/vite 282ms (cache miss)
441 silly packumentCache corgi:https://registry.npmjs.org/vite set size:undefined disposed:false
442 silly packumentCache corgi:https://registry.npmjs.org/@vitejs%2fplugin-react cache-miss
443 http fetch GET 200 https://registry.npmjs.org/@vitejs%2fplugin-react 112ms (cache miss)
444 silly packumentCache corgi:https://registry.npmjs.org/@vitejs%2fplugin-react set size:undefined disposed:false
445 http fetch GET 200 https://registry.npmjs.org/better-sqlite3/-/better-sqlite3-11.10.0.tgz 762ms (cache miss)
446 info run better-sqlite3@11.10.0 install node_modules/better-sqlite3 prebuild-install || node-gyp rebuild --release
447 info run better-sqlite3@11.10.0 install { code: 0, signal: null }
448 silly ADD node_modules/safe-buffer
449 silly ADD node_modules/util-deprecate
450 silly ADD node_modules/string_decoder
451 silly ADD node_modules/ieee754
452 silly ADD node_modules/base64-js
453 silly ADD node_modules/buffer
454 silly ADD node_modules/readable-stream
455 silly ADD node_modules/inherits
456 silly ADD node_modules/fs-constants
457 silly ADD node_modules/bl
458 silly ADD node_modules/tar-stream
459 silly ADD node_modules/chownr
460 silly ADD node_modules/mimic-response
461 silly ADD node_modules/simple-concat
462 silly ADD node_modules/decompress-response
463 silly ADD node_modules/strip-json-comments
464 silly ADD node_modules/ini
465 silly ADD node_modules/deep-extend
466 silly ADD node_modules/wrappy
467 silly ADD node_modules/once
468 silly ADD node_modules/end-of-stream
469 silly ADD node_modules/tunnel-agent
470 silly ADD node_modules/tar-fs
471 silly ADD node_modules/simple-get
472 silly ADD node_modules/rc
473 silly ADD node_modules/pump
474 silly ADD node_modules/node-abi
475 silly ADD node_modules/node-abi/node_modules/semver
476 silly ADD node_modules/napi-build-utils
477 silly ADD node_modules/mkdirp-classic
478 silly ADD node_modules/minimist
479 silly ADD node_modules/github-from-package
480 silly ADD node_modules/expand-template
481 silly ADD node_modules/detect-libc
482 silly ADD node_modules/file-uri-to-path
483 silly ADD node_modules/prebuild-install
484 silly ADD node_modules/bindings
485 silly ADD node_modules/better-sqlite3
486 silly ADD
487 silly ADD
488 silly ADD
489 silly ADD
490 silly ADD
491 silly ADD
492 silly ADD
493 silly ADD
494 silly ADD
495 silly ADD
496 silly ADD
497 silly ADD
498 silly ADD
499 silly ADD
500 silly ADD
501 silly ADD
502 silly ADD
503 silly ADD
504 silly ADD
505 silly ADD
506 silly ADD
507 silly ADD
508 silly ADD
509 silly ADD
510 silly ADD
511 silly ADD
512 silly ADD
513 silly ADD
514 silly ADD
515 silly ADD
516 silly ADD
517 silly ADD
518 silly ADD
519 silly ADD
520 silly ADD
521 silly ADD
522 silly ADD
523 silly ADD
524 silly ADD
525 silly ADD
526 silly ADD
527 silly ADD
528 silly ADD
529 silly ADD
530 silly ADD
531 silly ADD
532 verbose cwd E:\Interpretive_Friction-main
533 verbose os Windows_NT 10.0.26200
534 verbose node v22.18.0
535 verbose npm  v10.9.3
536 notice
536 notice New [31mmajor[39m version of npm available! [31m10.9.3[39m -> [34m11.12.1[39m
536 notice Changelog: [34mhttps://github.com/npm/cli/releases/tag/v11.12.1[39m
536 notice To update run: [4mnpm install -g npm@11.12.1[24m
536 notice  { force: true, [Symbol(proc-log.meta)]: true }
537 verbose exit 0
538 info ok
